<!DOCTYPE html>

<html>
  <head>
  <meta charset='utf-8'>
  <title>TestNG reports</title>

    <link type="text/css" href="testng-reports1.css" rel="stylesheet" id="ultra" />
    <link type="text/css" href="testng-reports.css" rel="stylesheet" id="retro" disabled="false"/>
    <script type="text/javascript" src="jquery.min.js"></script>
    <script type="text/javascript" src="testng-reports.js"></script>
    <script type="text/javascript" src="https://www.google.com/jsapi"></script>
    <script type='text/javascript'>
      google.load('visualization', '1', {packages:['table']});
      google.setOnLoadCallback(drawTable);
      var suiteTableInitFunctions = new Array();
      var suiteTableData = new Array();
    </script>
    <!--
      <script type="text/javascript" src="jquery-ui/js/jquery-ui-1.8.16.custom.min.js"></script>
     -->
  </head>

  <body>
    <div class="top-banner-root">
      <span class="top-banner-title-font">Test results</span>
      <button id="button" class="button">Switch Retro Theme</button> <!-- button -->
      <br/>
      <span class="top-banner-font-1">1 suite, 3 failed tests</span>
    </div> <!-- top-banner-root -->
    <div class="navigator-root">
      <div class="navigator-suite-header">
        <span>All suites</span>
        <a href="#" title="Collapse/expand all the suites" class="collapse-all-link">
          <img src="collapseall.gif" class="collapse-all-icon">
          </img> <!-- collapse-all-icon -->
        </a> <!-- collapse-all-link -->
      </div> <!-- navigator-suite-header -->
      <div class="suite">
        <div class="rounded-window">
          <div class="suite-header light-rounded-window-top">
            <a href="#" panel-name="suite-Sapiens_Adaptik_Policy_and_Billing_Pro_Apps_SmokeTest_Run_Suite" class="navigator-link">
              <span class="suite-name border-failed">Sapiens Adaptik Policy and Billing Pro Apps SmokeTest Run Suite</span>
            </a> <!-- navigator-link -->
          </div> <!-- suite-header light-rounded-window-top -->
          <div class="navigator-suite-content">
            <div class="suite-section-title">
              <span>Info</span>
            </div> <!-- suite-section-title -->
            <div class="suite-section-content">
              <ul>
                <li>
                  <a href="#" panel-name="test-xml-Sapiens_Adaptik_Policy_and_Billing_Pro_Apps_SmokeTest_Run_Suite" class="navigator-link ">
                    <span>C:\Users\Shaik.Ahmed\git\AdaptikApplications\SapinesPolicyAndBillingTest\src\main\resources\testng.xml</span>
                  </a> <!-- navigator-link  -->
                </li>
                <li>
                  <a href="#" panel-name="testlist-Sapiens_Adaptik_Policy_and_Billing_Pro_Apps_SmokeTest_Run_Suite" class="navigator-link ">
                    <span class="test-stats">1 test</span>
                  </a> <!-- navigator-link  -->
                </li>
                <li>
                  <a href="#" panel-name="group-Sapiens_Adaptik_Policy_and_Billing_Pro_Apps_SmokeTest_Run_Suite" class="navigator-link ">
                    <span>0 groups</span>
                  </a> <!-- navigator-link  -->
                </li>
                <li>
                  <a href="#" panel-name="times-Sapiens_Adaptik_Policy_and_Billing_Pro_Apps_SmokeTest_Run_Suite" class="navigator-link ">
                    <span>Times</span>
                  </a> <!-- navigator-link  -->
                </li>
                <li>
                  <a href="#" panel-name="reporter-Sapiens_Adaptik_Policy_and_Billing_Pro_Apps_SmokeTest_Run_Suite" class="navigator-link ">
                    <span>Reporter output</span>
                  </a> <!-- navigator-link  -->
                </li>
                <li>
                  <a href="#" panel-name="ignored-methods-Sapiens_Adaptik_Policy_and_Billing_Pro_Apps_SmokeTest_Run_Suite" class="navigator-link ">
                    <span>Ignored methods</span>
                  </a> <!-- navigator-link  -->
                </li>
                <li>
                  <a href="#" panel-name="chronological-Sapiens_Adaptik_Policy_and_Billing_Pro_Apps_SmokeTest_Run_Suite" class="navigator-link ">
                    <span>Chronological view</span>
                  </a> <!-- navigator-link  -->
                </li>
              </ul>
            </div> <!-- suite-section-content -->
            <div class="result-section">
              <div class="suite-section-title">
                <span>Results</span>
              </div> <!-- suite-section-title -->
              <div class="suite-section-content">
                <ul>
                  <li>
                    <span class="method-stats">9 methods, 3 failed,   6 passed</span>
                  </li>
                  <li>
                    <span class="method-list-title failed">Failed methods</span>
                    <span class="show-or-hide-methods failed">
                      <a href="#" panel-name="suite-Sapiens_Adaptik_Policy_and_Billing_Pro_Apps_SmokeTest_Run_Suite" class="hide-methods failed suite-Sapiens_Adaptik_Policy_and_Billing_Pro_Apps_SmokeTest_Run_Suite"> (hide)</a> <!-- hide-methods failed suite-Sapiens_Adaptik_Policy_and_Billing_Pro_Apps_SmokeTest_Run_Suite -->
                      <a href="#" panel-name="suite-Sapiens_Adaptik_Policy_and_Billing_Pro_Apps_SmokeTest_Run_Suite" class="show-methods failed suite-Sapiens_Adaptik_Policy_and_Billing_Pro_Apps_SmokeTest_Run_Suite"> (show)</a> <!-- show-methods failed suite-Sapiens_Adaptik_Policy_and_Billing_Pro_Apps_SmokeTest_Run_Suite -->
                    </span>
                    <div class="method-list-content failed suite-Sapiens_Adaptik_Policy_and_Billing_Pro_Apps_SmokeTest_Run_Suite">
                      <span>
                        <img src="failed.png" width="3%"/>
                        <a href="#" panel-name="suite-Sapiens_Adaptik_Policy_and_Billing_Pro_Apps_SmokeTest_Run_Suite" title="com.adaptikPolicyAndBilling.qa.testCases.SearchPageTest" class="method navigator-link" hash-for-method="AccountSearch">AccountSearch</a> <!-- method navigator-link -->
                      </span>
                      <br/>
                      <span>
                        <img src="failed.png" width="3%"/>
                        <a href="#" panel-name="suite-Sapiens_Adaptik_Policy_and_Billing_Pro_Apps_SmokeTest_Run_Suite" title="com.adaptikPolicyAndBilling.qa.testCases.AccountDashBoardTest" class="method navigator-link" hash-for-method="MakeAdjustmentTest(496300001, WO)">MakeAdjustmentTest(496300001, WO)</a> <!-- method navigator-link -->
                      </span>
                      <br/>
                      <span>
                        <img src="failed.png" width="3%"/>
                        <a href="#" panel-name="suite-Sapiens_Adaptik_Policy_and_Billing_Pro_Apps_SmokeTest_Run_Suite" title="com.adaptikPolicyAndBilling.qa.testCases.AccountDashBoardTest" class="method navigator-link" hash-for-method="MakeAdjustmentTest(596300001, WO)">MakeAdjustmentTest(596300001, WO)</a> <!-- method navigator-link -->
                      </span>
                      <br/>
                    </div> <!-- method-list-content failed suite-Sapiens_Adaptik_Policy_and_Billing_Pro_Apps_SmokeTest_Run_Suite -->
                  </li>
                  <li>
                    <span class="method-list-title passed">Passed methods</span>
                    <span class="show-or-hide-methods passed">
                      <a href="#" panel-name="suite-Sapiens_Adaptik_Policy_and_Billing_Pro_Apps_SmokeTest_Run_Suite" class="hide-methods passed suite-Sapiens_Adaptik_Policy_and_Billing_Pro_Apps_SmokeTest_Run_Suite"> (hide)</a> <!-- hide-methods passed suite-Sapiens_Adaptik_Policy_and_Billing_Pro_Apps_SmokeTest_Run_Suite -->
                      <a href="#" panel-name="suite-Sapiens_Adaptik_Policy_and_Billing_Pro_Apps_SmokeTest_Run_Suite" class="show-methods passed suite-Sapiens_Adaptik_Policy_and_Billing_Pro_Apps_SmokeTest_Run_Suite"> (show)</a> <!-- show-methods passed suite-Sapiens_Adaptik_Policy_and_Billing_Pro_Apps_SmokeTest_Run_Suite -->
                    </span>
                    <div class="method-list-content passed suite-Sapiens_Adaptik_Policy_and_Billing_Pro_Apps_SmokeTest_Run_Suite">
                      <span>
                        <img src="passed.png" width="3%"/>
                        <a href="#" panel-name="suite-Sapiens_Adaptik_Policy_and_Billing_Pro_Apps_SmokeTest_Run_Suite" title="com.adaptikPolicyAndBilling.qa.testCases.SearchPageTest" class="method navigator-link" hash-for-method="SearchPageTitleTest">SearchPageTitleTest</a> <!-- method navigator-link -->
                      </span>
                      <br/>
                      <span>
                        <img src="passed.png" width="3%"/>
                        <a href="#" panel-name="suite-Sapiens_Adaptik_Policy_and_Billing_Pro_Apps_SmokeTest_Run_Suite" title="com.adaptikPolicyAndBilling.qa.testCases.AccountDashBoardTest" class="method navigator-link" hash-for-method="accountDashBoardPageTitleTest">accountDashBoardPageTitleTest</a> <!-- method navigator-link -->
                      </span>
                      <br/>
                      <span>
                        <img src="passed.png" width="3%"/>
                        <a href="#" panel-name="suite-Sapiens_Adaptik_Policy_and_Billing_Pro_Apps_SmokeTest_Run_Suite" title="com.adaptikPolicyAndBilling.qa.testCases.LoginPageTest" class="method navigator-link" hash-for-method="loginPageTitleTest">loginPageTitleTest</a> <!-- method navigator-link -->
                      </span>
                      <br/>
                      <span>
                        <img src="passed.png" width="3%"/>
                        <a href="#" panel-name="suite-Sapiens_Adaptik_Policy_and_Billing_Pro_Apps_SmokeTest_Run_Suite" title="com.adaptikPolicyAndBilling.qa.testCases.LoginPageTest" class="method navigator-link" hash-for-method="loginTest">loginTest</a> <!-- method navigator-link -->
                      </span>
                      <br/>
                      <span>
                        <img src="passed.png" width="3%"/>
                        <a href="#" panel-name="suite-Sapiens_Adaptik_Policy_and_Billing_Pro_Apps_SmokeTest_Run_Suite" title="com.adaptikPolicyAndBilling.qa.testCases.RemittanceBatchPageTest" class="method navigator-link" hash-for-method="remittanceBatchDetailsTest(BOFA, Q, 10000, 1, 322332323221, A, 596300001)">remittanceBatchDetailsTest(BOFA, Q, 10000, 1, 322332323221, A, 596300001)</a> <!-- method navigator-link -->
                      </span>
                      <br/>
                      <span>
                        <img src="passed.png" width="3%"/>
                        <a href="#" panel-name="suite-Sapiens_Adaptik_Policy_and_Billing_Pro_Apps_SmokeTest_Run_Suite" title="com.adaptikPolicyAndBilling.qa.testCases.RemittanceBatchPageTest" class="method navigator-link" hash-for-method="remittanceBatchDetailsTest(BOFA, Q, 10000, 1, 322332323221, A, 496300001)">remittanceBatchDetailsTest(BOFA, Q, 10000, 1, 322332323221, A, 496300001)</a> <!-- method navigator-link -->
                      </span>
                      <br/>
                    </div> <!-- method-list-content passed suite-Sapiens_Adaptik_Policy_and_Billing_Pro_Apps_SmokeTest_Run_Suite -->
                  </li>
                </ul>
              </div> <!-- suite-section-content -->
            </div> <!-- result-section -->
          </div> <!-- navigator-suite-content -->
        </div> <!-- rounded-window -->
      </div> <!-- suite -->
    </div> <!-- navigator-root -->
    <div class="wrapper">
      <div class="main-panel-root">
        <div panel-name="suite-Sapiens_Adaptik_Policy_and_Billing_Pro_Apps_SmokeTest_Run_Suite" class="panel Sapiens_Adaptik_Policy_and_Billing_Pro_Apps_SmokeTest_Run_Suite">
          <div class="suite-Sapiens_Adaptik_Policy_and_Billing_Pro_Apps_SmokeTest_Run_Suite-class-failed">
            <div class="main-panel-header rounded-window-top">
              <img src="failed.png"/>
              <span class="class-name">com.adaptikPolicyAndBilling.qa.testCases.SearchPageTest</span>
            </div> <!-- main-panel-header rounded-window-top -->
            <div class="main-panel-content rounded-window-bottom">
              <div class="method">
                <div class="method-content">
                  <a name="AccountSearch">
                  </a> <!-- AccountSearch -->
                  <span class="method-name">AccountSearch</span>
                  <div class="stack-trace">org.testng.internal.reflect.MethodMatcherException: 
[public void com.adaptikPolicyAndBilling.qa.testCases.SearchPageTest.AccountSearch(java.lang.String)] has no parameters defined but was found to be using a data provider (either explicitly specified or inherited from class level annotation).
Data provider mismatch
Method: AccountSearch([Parameter{index=0, type=java.lang.String, declaredAnnotations=[]}])
Arguments: [(java.lang.String) 496300001,(java.lang.String) WO]
	at java.base/java.util.ArrayList.forEach(ArrayList.java:1511)
... Removed 26 stack frames
</div> <!-- stack-trace -->
                  <em>
(verifying AccountSearch with AccountID test)                  </em>
                </div> <!-- method-content -->
              </div> <!-- method -->
            </div> <!-- main-panel-content rounded-window-bottom -->
          </div> <!-- suite-Sapiens_Adaptik_Policy_and_Billing_Pro_Apps_SmokeTest_Run_Suite-class-failed -->
          <div class="suite-Sapiens_Adaptik_Policy_and_Billing_Pro_Apps_SmokeTest_Run_Suite-class-failed">
            <div class="main-panel-header rounded-window-top">
              <img src="failed.png"/>
              <span class="class-name">com.adaptikPolicyAndBilling.qa.testCases.AccountDashBoardTest</span>
            </div> <!-- main-panel-header rounded-window-top -->
            <div class="main-panel-content rounded-window-bottom">
              <div class="method">
                <div class="method-content">
                  <a name="MakeAdjustmentTest(496300001, WO)">
                  </a> <!-- MakeAdjustmentTest(496300001, WO) -->
                  <span class="method-name">MakeAdjustmentTest</span>
                  <span class="parameters">(496300001, WO)</span>
                  <div class="stack-trace">org.openqa.selenium.NoSuchElementException: no such element: Unable to locate element: {&quot;method&quot;:&quot;xpath&quot;,&quot;selector&quot;:&quot;//select[@id=&apos;U1_77_Q_30011_3_C_4_C&apos;]&quot;}
  (Session info: chrome=98.0.4758.82)
For documentation on this error, please visit: https://selenium.dev/exceptions/#no_such_element
Build info: version: &apos;4.1.2&apos;, revision: &apos;9a5a329c5a&apos;
System info: host: &apos;INLT1501&apos;, ip: &apos;10.21.204.70&apos;, os.name: &apos;Windows 10&apos;, os.arch: &apos;amd64&apos;, os.version: &apos;10.0&apos;, java.version: &apos;17.0.1&apos;
Driver info: org.openqa.selenium.chrome.ChromeDriver
Command: [afbd716186232db8f2389de8e126d006, findElement {using=xpath, value=//select[@id=&apos;U1_77_Q_30011_3_C_4_C&apos;]}]
Capabilities {acceptInsecureCerts: false, browserName: chrome, browserVersion: 98.0.4758.82, chrome: {chromedriverVersion: 98.0.4758.80 (7f0488e8ba0d8..., userDataDir: C:\Users\SHAIK~1.AHM\AppDat...}, goog:chromeOptions: {debuggerAddress: localhost:49657}, javascriptEnabled: true, networkConnectionEnabled: false, pageLoadStrategy: normal, platform: WINDOWS, platformName: WINDOWS, proxy: Proxy(), se:cdp: ws://localhost:49657/devtoo..., se:cdpVersion: 98.0.4758.82, setWindowRect: true, strictFileInteractability: false, timeouts: {implicit: 0, pageLoad: 300000, script: 30000}, unhandledPromptBehavior: dismiss and notify, webauthn:extension:credBlob: true, webauthn:extension:largeBlob: true, webauthn:virtualAuthenticators: true}
Session ID: afbd716186232db8f2389de8e126d006
	at org.openqa.selenium.remote.codec.w3c.W3CHttpResponseCodec.createException(W3CHttpResponseCodec.java:200)
	at org.openqa.selenium.remote.codec.w3c.W3CHttpResponseCodec.decode(W3CHttpResponseCodec.java:133)
	at org.openqa.selenium.remote.codec.w3c.W3CHttpResponseCodec.decode(W3CHttpResponseCodec.java:53)
	at org.openqa.selenium.remote.HttpCommandExecutor.execute(HttpCommandExecutor.java:184)
	at org.openqa.selenium.remote.service.DriverCommandExecutor.invokeExecute(DriverCommandExecutor.java:167)
	at org.openqa.selenium.remote.service.DriverCommandExecutor.execute(DriverCommandExecutor.java:142)
	at org.openqa.selenium.remote.RemoteWebDriver.execute(RemoteWebDriver.java:558)
	at org.openqa.selenium.remote.ElementLocation$ElementFinder$2.findElement(ElementLocation.java:162)
	at org.openqa.selenium.remote.ElementLocation.findElement(ElementLocation.java:60)
	at org.openqa.selenium.remote.RemoteWebDriver.findElement(RemoteWebDriver.java:382)
	at org.openqa.selenium.remote.RemoteWebDriver.findElement(RemoteWebDriver.java:374)
	at org.openqa.selenium.support.pagefactory.DefaultElementLocator.findElement(DefaultElementLocator.java:70)
	at org.openqa.selenium.support.pagefactory.internal.LocatingElementHandler.invoke(LocatingElementHandler.java:39)
	at jdk.proxy2/jdk.proxy2.$Proxy19.getTagName(Unknown Source)
	at org.openqa.selenium.support.ui.Select.&lt;init&gt;(Select.java:46)
	at com.adaptikPolicyAndBilling.qa.pages.AdjustmentDetailsPage.clickOnPostAdjustmentButton(AdjustmentDetailsPage.java:30)
	at com.adaptikPolicyAndBilling.qa.testCases.AccountDashBoardTest.MakeAdjustmentTest(AccountDashBoardTest.java:75)
	at java.base/java.util.ArrayList.forEach(ArrayList.java:1511)
... Removed 36 stack frames
</div> <!-- stack-trace -->
                  <em>
(verifying MakeAdjustment Functionality)                  </em>
                </div> <!-- method-content -->
              </div> <!-- method -->
              <div class="method">
                <div class="method-content">
                  <a name="MakeAdjustmentTest(596300001, WO)">
                  </a> <!-- MakeAdjustmentTest(596300001, WO) -->
                  <span class="method-name">MakeAdjustmentTest</span>
                  <span class="parameters">(596300001, WO)</span>
                  <div class="stack-trace">org.openqa.selenium.NoSuchElementException: no such element: Unable to locate element: {&quot;method&quot;:&quot;xpath&quot;,&quot;selector&quot;:&quot;//select[@id=&apos;U1_77_Q_30011_3_C_4_C&apos;]&quot;}
  (Session info: chrome=98.0.4758.82)
For documentation on this error, please visit: https://selenium.dev/exceptions/#no_such_element
Build info: version: &apos;4.1.2&apos;, revision: &apos;9a5a329c5a&apos;
System info: host: &apos;INLT1501&apos;, ip: &apos;10.21.204.70&apos;, os.name: &apos;Windows 10&apos;, os.arch: &apos;amd64&apos;, os.version: &apos;10.0&apos;, java.version: &apos;17.0.1&apos;
Driver info: org.openqa.selenium.chrome.ChromeDriver
Command: [811a2b27dfbc6b4221b4c6ae262d3feb, findElement {using=xpath, value=//select[@id=&apos;U1_77_Q_30011_3_C_4_C&apos;]}]
Capabilities {acceptInsecureCerts: false, browserName: chrome, browserVersion: 98.0.4758.82, chrome: {chromedriverVersion: 98.0.4758.80 (7f0488e8ba0d8..., userDataDir: C:\Users\SHAIK~1.AHM\AppDat...}, goog:chromeOptions: {debuggerAddress: localhost:49860}, javascriptEnabled: true, networkConnectionEnabled: false, pageLoadStrategy: normal, platform: WINDOWS, platformName: WINDOWS, proxy: Proxy(), se:cdp: ws://localhost:49860/devtoo..., se:cdpVersion: 98.0.4758.82, setWindowRect: true, strictFileInteractability: false, timeouts: {implicit: 0, pageLoad: 300000, script: 30000}, unhandledPromptBehavior: dismiss and notify, webauthn:extension:credBlob: true, webauthn:extension:largeBlob: true, webauthn:virtualAuthenticators: true}
Session ID: 811a2b27dfbc6b4221b4c6ae262d3feb
	at org.openqa.selenium.remote.codec.w3c.W3CHttpResponseCodec.createException(W3CHttpResponseCodec.java:200)
	at org.openqa.selenium.remote.codec.w3c.W3CHttpResponseCodec.decode(W3CHttpResponseCodec.java:133)
	at org.openqa.selenium.remote.codec.w3c.W3CHttpResponseCodec.decode(W3CHttpResponseCodec.java:53)
	at org.openqa.selenium.remote.HttpCommandExecutor.execute(HttpCommandExecutor.java:184)
	at org.openqa.selenium.remote.service.DriverCommandExecutor.invokeExecute(DriverCommandExecutor.java:167)
	at org.openqa.selenium.remote.service.DriverCommandExecutor.execute(DriverCommandExecutor.java:142)
	at org.openqa.selenium.remote.RemoteWebDriver.execute(RemoteWebDriver.java:558)
	at org.openqa.selenium.remote.ElementLocation$ElementFinder$2.findElement(ElementLocation.java:162)
	at org.openqa.selenium.remote.ElementLocation.findElement(ElementLocation.java:60)
	at org.openqa.selenium.remote.RemoteWebDriver.findElement(RemoteWebDriver.java:382)
	at org.openqa.selenium.remote.RemoteWebDriver.findElement(RemoteWebDriver.java:374)
	at org.openqa.selenium.support.pagefactory.DefaultElementLocator.findElement(DefaultElementLocator.java:70)
	at org.openqa.selenium.support.pagefactory.internal.LocatingElementHandler.invoke(LocatingElementHandler.java:39)
	at jdk.proxy2/jdk.proxy2.$Proxy19.getTagName(Unknown Source)
	at org.openqa.selenium.support.ui.Select.&lt;init&gt;(Select.java:46)
	at com.adaptikPolicyAndBilling.qa.pages.AdjustmentDetailsPage.clickOnPostAdjustmentButton(AdjustmentDetailsPage.java:30)
	at com.adaptikPolicyAndBilling.qa.testCases.AccountDashBoardTest.MakeAdjustmentTest(AccountDashBoardTest.java:75)
	at java.base/java.util.ArrayList.forEach(ArrayList.java:1511)
... Removed 36 stack frames
</div> <!-- stack-trace -->
                  <em>
(verifying MakeAdjustment Functionality)                  </em>
                </div> <!-- method-content -->
              </div> <!-- method -->
            </div> <!-- main-panel-content rounded-window-bottom -->
          </div> <!-- suite-Sapiens_Adaptik_Policy_and_Billing_Pro_Apps_SmokeTest_Run_Suite-class-failed -->
          <div class="suite-Sapiens_Adaptik_Policy_and_Billing_Pro_Apps_SmokeTest_Run_Suite-class-passed">
            <div class="main-panel-header rounded-window-top">
              <img src="passed.png"/>
              <span class="class-name">com.adaptikPolicyAndBilling.qa.testCases.LoginPageTest</span>
            </div> <!-- main-panel-header rounded-window-top -->
            <div class="main-panel-content rounded-window-bottom">
              <div class="method">
                <div class="method-content">
                  <a name="loginPageTitleTest">
                  </a> <!-- loginPageTitleTest -->
                  <span class="method-name">loginPageTitleTest</span>
                  <em>
(verifying login page title test)                  </em>
                </div> <!-- method-content -->
              </div> <!-- method -->
              <div class="method">
                <div class="method-content">
                  <a name="loginTest">
                  </a> <!-- loginTest -->
                  <span class="method-name">loginTest</span>
                  <em>
(verifying login to Application test)                  </em>
                </div> <!-- method-content -->
              </div> <!-- method -->
            </div> <!-- main-panel-content rounded-window-bottom -->
          </div> <!-- suite-Sapiens_Adaptik_Policy_and_Billing_Pro_Apps_SmokeTest_Run_Suite-class-passed -->
          <div class="suite-Sapiens_Adaptik_Policy_and_Billing_Pro_Apps_SmokeTest_Run_Suite-class-passed">
            <div class="main-panel-header rounded-window-top">
              <img src="passed.png"/>
              <span class="class-name">com.adaptikPolicyAndBilling.qa.testCases.RemittanceBatchPageTest</span>
            </div> <!-- main-panel-header rounded-window-top -->
            <div class="main-panel-content rounded-window-bottom">
              <div class="method">
                <div class="method-content">
                  <a name="remittanceBatchDetailsTest(BOFA, Q, 10000, 1, 322332323221, A, 596300001)">
                  </a> <!-- remittanceBatchDetailsTest(BOFA, Q, 10000, 1, 322332323221, A, 596300001) -->
                  <span class="method-name">remittanceBatchDetailsTest</span>
                  <span class="parameters">(BOFA, Q, 10000, 1, 322332323221, A, 596300001)</span>
                  <em>
(verifying Remittance Flow test)                  </em>
                </div> <!-- method-content -->
              </div> <!-- method -->
              <div class="method">
                <div class="method-content">
                  <a name="remittanceBatchDetailsTest(BOFA, Q, 10000, 1, 322332323221, A, 496300001)">
                  </a> <!-- remittanceBatchDetailsTest(BOFA, Q, 10000, 1, 322332323221, A, 496300001) -->
                  <span class="method-name">remittanceBatchDetailsTest</span>
                  <span class="parameters">(BOFA, Q, 10000, 1, 322332323221, A, 496300001)</span>
                  <em>
(verifying Remittance Flow test)                  </em>
                </div> <!-- method-content -->
              </div> <!-- method -->
            </div> <!-- main-panel-content rounded-window-bottom -->
          </div> <!-- suite-Sapiens_Adaptik_Policy_and_Billing_Pro_Apps_SmokeTest_Run_Suite-class-passed -->
          <div class="suite-Sapiens_Adaptik_Policy_and_Billing_Pro_Apps_SmokeTest_Run_Suite-class-passed">
            <div class="main-panel-header rounded-window-top">
              <img src="passed.png"/>
              <span class="class-name">com.adaptikPolicyAndBilling.qa.testCases.SearchPageTest</span>
            </div> <!-- main-panel-header rounded-window-top -->
            <div class="main-panel-content rounded-window-bottom">
              <div class="method">
                <div class="method-content">
                  <a name="SearchPageTitleTest">
                  </a> <!-- SearchPageTitleTest -->
                  <span class="method-name">SearchPageTitleTest</span>
                </div> <!-- method-content -->
              </div> <!-- method -->
            </div> <!-- main-panel-content rounded-window-bottom -->
          </div> <!-- suite-Sapiens_Adaptik_Policy_and_Billing_Pro_Apps_SmokeTest_Run_Suite-class-passed -->
          <div class="suite-Sapiens_Adaptik_Policy_and_Billing_Pro_Apps_SmokeTest_Run_Suite-class-passed">
            <div class="main-panel-header rounded-window-top">
              <img src="passed.png"/>
              <span class="class-name">com.adaptikPolicyAndBilling.qa.testCases.AccountDashBoardTest</span>
            </div> <!-- main-panel-header rounded-window-top -->
            <div class="main-panel-content rounded-window-bottom">
              <div class="method">
                <div class="method-content">
                  <a name="accountDashBoardPageTitleTest">
                  </a> <!-- accountDashBoardPageTitleTest -->
                  <span class="method-name">accountDashBoardPageTitleTest</span>
                  <em>
(verifying AccountDashBoard Page Title)                  </em>
                </div> <!-- method-content -->
              </div> <!-- method -->
            </div> <!-- main-panel-content rounded-window-bottom -->
          </div> <!-- suite-Sapiens_Adaptik_Policy_and_Billing_Pro_Apps_SmokeTest_Run_Suite-class-passed -->
        </div> <!-- panel Sapiens_Adaptik_Policy_and_Billing_Pro_Apps_SmokeTest_Run_Suite -->
        <div panel-name="test-xml-Sapiens_Adaptik_Policy_and_Billing_Pro_Apps_SmokeTest_Run_Suite" class="panel">
          <div class="main-panel-header rounded-window-top">
            <span class="header-content">C:\Users\Shaik.Ahmed\git\AdaptikApplications\SapinesPolicyAndBillingTest\src\main\resources\testng.xml</span>
          </div> <!-- main-panel-header rounded-window-top -->
          <div class="main-panel-content rounded-window-bottom">
            <pre>
&lt;?xml version=&quot;1.0&quot; encoding=&quot;UTF-8&quot;?&gt;
&lt;!DOCTYPE suite SYSTEM &quot;https://testng.org/testng-1.0.dtd&quot;&gt;
&lt;suite name=&quot;Sapiens Adaptik Policy and Billing Pro Apps SmokeTest Run Suite&quot; guice-stage=&quot;DEVELOPMENT&quot; verbose=&quot;0&quot;&gt;
  &lt;listeners&gt;
    &lt;listener class-name=&quot;com.adaptikPolicyAndBilling.qa.ExtentReport.ExtentReportNG&quot;/&gt;
  &lt;/listeners&gt;
  &lt;test thread-count=&quot;5&quot; name=&quot;SmokeTest&quot; verbose=&quot;0&quot;&gt;
    &lt;classes&gt;
      &lt;class name=&quot;com.adaptikPolicyAndBilling.qa.testCases.LoginPageTest&quot;/&gt;
      &lt;class name=&quot;com.adaptikPolicyAndBilling.qa.testCases.RemittanceBatchPageTest&quot;/&gt;
      &lt;class name=&quot;com.adaptikPolicyAndBilling.qa.testCases.SearchPageTest&quot;/&gt;
      &lt;class name=&quot;com.adaptikPolicyAndBilling.qa.testCases.AccountDashBoardTest&quot;/&gt;
    &lt;/classes&gt;
  &lt;/test&gt; &lt;!-- SmokeTest --&gt;
&lt;/suite&gt; &lt;!-- Sapiens Adaptik Policy and Billing Pro Apps SmokeTest Run Suite --&gt;
            </pre>
          </div> <!-- main-panel-content rounded-window-bottom -->
        </div> <!-- panel -->
        <div panel-name="testlist-Sapiens_Adaptik_Policy_and_Billing_Pro_Apps_SmokeTest_Run_Suite" class="panel">
          <div class="main-panel-header rounded-window-top">
            <span class="header-content">Tests for Sapiens Adaptik Policy and Billing Pro Apps SmokeTest Run Suite</span>
          </div> <!-- main-panel-header rounded-window-top -->
          <div class="main-panel-content rounded-window-bottom">
            <ul>
              <li>
                <span class="test-name">SmokeTest (4 classes)</span>
              </li>
            </ul>
          </div> <!-- main-panel-content rounded-window-bottom -->
        </div> <!-- panel -->
        <div panel-name="group-Sapiens_Adaptik_Policy_and_Billing_Pro_Apps_SmokeTest_Run_Suite" class="panel">
          <div class="main-panel-header rounded-window-top">
            <span class="header-content">Groups for Sapiens Adaptik Policy and Billing Pro Apps SmokeTest Run Suite</span>
          </div> <!-- main-panel-header rounded-window-top -->
          <div class="main-panel-content rounded-window-bottom">
          </div> <!-- main-panel-content rounded-window-bottom -->
        </div> <!-- panel -->
        <div panel-name="times-Sapiens_Adaptik_Policy_and_Billing_Pro_Apps_SmokeTest_Run_Suite" class="panel">
          <div class="main-panel-header rounded-window-top">
            <span class="header-content">Times for Sapiens Adaptik Policy and Billing Pro Apps SmokeTest Run Suite</span>
          </div> <!-- main-panel-header rounded-window-top -->
          <div class="main-panel-content rounded-window-bottom">
            <div class="times-div">
              <script type="text/javascript">
suiteTableInitFunctions.push('tableData_Sapiens_Adaptik_Policy_and_Billing_Pro_Apps_SmokeTest_Run_Suite');
function tableData_Sapiens_Adaptik_Policy_and_Billing_Pro_Apps_SmokeTest_Run_Suite() {
var data = new google.visualization.DataTable();
data.addColumn('number', 'Number');
data.addColumn('string', 'Method');
data.addColumn('string', 'Class');
data.addColumn('number', 'Time (ms)');
data.addRows(9);
data.setCell(0, 0, 0)
data.setCell(0, 1, 'remittanceBatchDetailsTest')
data.setCell(0, 2, 'com.adaptikPolicyAndBilling.qa.testCases.RemittanceBatchPageTest')
data.setCell(0, 3, 79046);
data.setCell(1, 0, 1)
data.setCell(1, 1, 'remittanceBatchDetailsTest')
data.setCell(1, 2, 'com.adaptikPolicyAndBilling.qa.testCases.RemittanceBatchPageTest')
data.setCell(1, 3, 78755);
data.setCell(2, 0, 2)
data.setCell(2, 1, 'MakeAdjustmentTest')
data.setCell(2, 2, 'com.adaptikPolicyAndBilling.qa.testCases.AccountDashBoardTest')
data.setCell(2, 3, 37429);
data.setCell(3, 0, 3)
data.setCell(3, 1, 'MakeAdjustmentTest')
data.setCell(3, 2, 'com.adaptikPolicyAndBilling.qa.testCases.AccountDashBoardTest')
data.setCell(3, 3, 37090);
data.setCell(4, 0, 4)
data.setCell(4, 1, 'loginTest')
data.setCell(4, 2, 'com.adaptikPolicyAndBilling.qa.testCases.LoginPageTest')
data.setCell(4, 3, 33125);
data.setCell(5, 0, 5)
data.setCell(5, 1, 'loginPageTitleTest')
data.setCell(5, 2, 'com.adaptikPolicyAndBilling.qa.testCases.LoginPageTest')
data.setCell(5, 3, 115);
data.setCell(6, 0, 6)
data.setCell(6, 1, 'AccountSearch')
data.setCell(6, 2, 'com.adaptikPolicyAndBilling.qa.testCases.SearchPageTest')
data.setCell(6, 3, 42);
data.setCell(7, 0, 7)
data.setCell(7, 1, 'accountDashBoardPageTitleTest')
data.setCell(7, 2, 'com.adaptikPolicyAndBilling.qa.testCases.AccountDashBoardTest')
data.setCell(7, 3, 33);
data.setCell(8, 0, 8)
data.setCell(8, 1, 'SearchPageTitleTest')
data.setCell(8, 2, 'com.adaptikPolicyAndBilling.qa.testCases.SearchPageTest')
data.setCell(8, 3, 14);
window.suiteTableData['Sapiens_Adaptik_Policy_and_Billing_Pro_Apps_SmokeTest_Run_Suite']= { tableData: data, tableDiv: 'times-div-Sapiens_Adaptik_Policy_and_Billing_Pro_Apps_SmokeTest_Run_Suite'}
return data;
}
              </script>
              <span class="suite-total-time">Total running time: 4 minutes</span>
              <div id="times-div-Sapiens_Adaptik_Policy_and_Billing_Pro_Apps_SmokeTest_Run_Suite">
              </div> <!-- times-div-Sapiens_Adaptik_Policy_and_Billing_Pro_Apps_SmokeTest_Run_Suite -->
            </div> <!-- times-div -->
          </div> <!-- main-panel-content rounded-window-bottom -->
        </div> <!-- panel -->
        <div panel-name="reporter-Sapiens_Adaptik_Policy_and_Billing_Pro_Apps_SmokeTest_Run_Suite" class="panel">
          <div class="main-panel-header rounded-window-top">
            <span class="header-content">Reporter output for Sapiens Adaptik Policy and Billing Pro Apps SmokeTest Run Suite</span>
          </div> <!-- main-panel-header rounded-window-top -->
          <div class="main-panel-content rounded-window-bottom">
          </div> <!-- main-panel-content rounded-window-bottom -->
        </div> <!-- panel -->
        <div panel-name="ignored-methods-Sapiens_Adaptik_Policy_and_Billing_Pro_Apps_SmokeTest_Run_Suite" class="panel">
          <div class="main-panel-header rounded-window-top">
            <span class="header-content">0 ignored methods</span>
          </div> <!-- main-panel-header rounded-window-top -->
          <div class="main-panel-content rounded-window-bottom">
          </div> <!-- main-panel-content rounded-window-bottom -->
        </div> <!-- panel -->
        <div panel-name="chronological-Sapiens_Adaptik_Policy_and_Billing_Pro_Apps_SmokeTest_Run_Suite" class="panel">
          <div class="main-panel-header rounded-window-top">
            <span class="header-content">Methods in chronological order</span>
          </div> <!-- main-panel-header rounded-window-top -->
          <div class="main-panel-content rounded-window-bottom">
            <div class="chronological-class">
              <div class="chronological-class-name">com.adaptikPolicyAndBilling.qa.testCases.LoginPageTest</div> <!-- chronological-class-name -->
              <div class="configuration-method before">
                <span class="method-name">setupTest</span>
                <span class="method-start">0 ms</span>
              </div> <!-- configuration-method before -->
              <div class="test-method">
                <span class="method-name">loginPageTitleTest</span>
                <span class="method-start">14461 ms</span>
              </div> <!-- test-method -->
              <div class="configuration-method after">
                <span class="method-name">tearDownTest</span>
                <span class="method-start">14604 ms</span>
              </div> <!-- configuration-method after -->
              <div class="configuration-method before">
                <span class="method-name">setupTest</span>
                <span class="method-start">14944 ms</span>
              </div> <!-- configuration-method before -->
              <div class="test-method">
                <span class="method-name">loginTest</span>
                <span class="method-start">27134 ms</span>
              </div> <!-- test-method -->
              <div class="configuration-method after">
                <span class="method-name">tearDownTest</span>
                <span class="method-start">60271 ms</span>
              </div> <!-- configuration-method after -->
            </div> <!-- chronological-class -->
            <div class="chronological-class">
              <div class="chronological-class-name">com.adaptikPolicyAndBilling.qa.testCases.RemittanceBatchPageTest</div> <!-- chronological-class-name -->
              <div class="configuration-method before">
                <span class="method-name">setupTest</span>
                <span class="method-start">62631 ms</span>
              </div> <!-- configuration-method before -->
              <div class="test-method">
                <span class="method-name">remittanceBatchDetailsTest(BOFA, Q, 10000, 1, 322332323221, A, 496300001)</span>
                <span class="method-start">99640 ms</span>
              </div> <!-- test-method -->
              <div class="configuration-method after">
                <span class="method-name">closeBrowser</span>
                <span class="method-start">178398 ms</span>
              </div> <!-- configuration-method after -->
              <div class="configuration-method before">
                <span class="method-name">setupTest</span>
                <span class="method-start">178941 ms</span>
              </div> <!-- configuration-method before -->
              <div class="test-method">
                <span class="method-name">remittanceBatchDetailsTest(BOFA, Q, 10000, 1, 322332323221, A, 596300001)</span>
                <span class="method-start">214903 ms</span>
              </div> <!-- test-method -->
              <div class="configuration-method after">
                <span class="method-name">closeBrowser</span>
                <span class="method-start">293972 ms</span>
              </div> <!-- configuration-method after -->
            </div> <!-- chronological-class -->
            <div class="chronological-class">
              <div class="chronological-class-name">com.adaptikPolicyAndBilling.qa.testCases.SearchPageTest</div> <!-- chronological-class-name -->
              <div class="configuration-method before">
                <span class="method-name">setupTest</span>
                <span class="method-start">294436 ms</span>
              </div> <!-- configuration-method before -->
              <div class="test-method">
                <span class="method-name">SearchPageTitleTest</span>
                <span class="method-start">329549 ms</span>
              </div> <!-- test-method -->
              <div class="configuration-method after">
                <span class="method-name">closeBrowser</span>
                <span class="method-start">329579 ms</span>
              </div> <!-- configuration-method after -->
            </div> <!-- chronological-class -->
            <div class="chronological-class">
              <div class="chronological-class-name">com.adaptikPolicyAndBilling.qa.testCases.AccountDashBoardTest</div> <!-- chronological-class-name -->
              <div class="configuration-method before">
                <span class="method-name">setupTest</span>
                <span class="method-start">330061 ms</span>
              </div> <!-- configuration-method before -->
              <div class="test-method">
                <span class="method-name">accountDashBoardPageTitleTest</span>
                <span class="method-start">364479 ms</span>
              </div> <!-- test-method -->
              <div class="configuration-method after">
                <span class="method-name">closeBrowser</span>
                <span class="method-start">364514 ms</span>
              </div> <!-- configuration-method after -->
              <div class="configuration-method before">
                <span class="method-name">setupTest</span>
                <span class="method-start">364976 ms</span>
              </div> <!-- configuration-method before -->
              <div class="test-method">
                <img src="failed.png">
                </img>
                <span class="method-name">MakeAdjustmentTest(496300001, WO)</span>
                <span class="method-start">400196 ms</span>
              </div> <!-- test-method -->
              <div class="configuration-method after">
                <span class="method-name">closeBrowser</span>
                <span class="method-start">437629 ms</span>
              </div> <!-- configuration-method after -->
              <div class="configuration-method before">
                <span class="method-name">setupTest</span>
                <span class="method-start">438142 ms</span>
              </div> <!-- configuration-method before -->
              <div class="test-method">
                <img src="failed.png">
                </img>
                <span class="method-name">MakeAdjustmentTest(596300001, WO)</span>
                <span class="method-start">472323 ms</span>
              </div> <!-- test-method -->
              <div class="configuration-method after">
                <span class="method-name">closeBrowser</span>
                <span class="method-start">509448 ms</span>
              </div> <!-- configuration-method after -->
          </div> <!-- main-panel-content rounded-window-bottom -->
        </div> <!-- panel -->
      </div> <!-- main-panel-root -->
    </div> <!-- wrapper -->
  </body>
<script type="text/javascript" src="testng-reports2.js"></script>
</html>
