<?xml version="1.0" encoding="UTF-8"?>
<testng-results ignored="0" total="9" passed="6" failed="3" skipped="0">
  <reporter-output>
  </reporter-output>
  <suite started-at="2022-02-15T00:28:32 IST" name="Sapiens Adaptik Policy and Billing Pro Apps SmokeTest Run Suite" finished-at="2022-02-15T00:37:03 IST" duration-ms="510197">
    <groups>
    </groups>
    <test started-at="2022-02-15T00:28:32 IST" name="SmokeTest" finished-at="2022-02-15T00:37:03 IST" duration-ms="510197">
      <class name="com.adaptikPolicyAndBilling.qa.testCases.SearchPageTest">
        <test-method is-config="true" signature="setupTest()[pri:0, instance:com.adaptikPolicyAndBilling.qa.testCases.SearchPageTest@344426bf]" started-at="2022-02-15T00:33:27 IST" name="setupTest" finished-at="2022-02-15T00:34:02 IST" duration-ms="35111" status="PASS">
          <reporter-output>
          </reporter-output>
        </test-method> <!-- setupTest -->
        <test-method signature="SearchPageTitleTest()[pri:0, instance:com.adaptikPolicyAndBilling.qa.testCases.SearchPageTest@344426bf]" started-at="2022-02-15T00:34:02 IST" name="SearchPageTitleTest" finished-at="2022-02-15T00:34:02 IST" duration-ms="14" status="PASS">
          <reporter-output>
          </reporter-output>
        </test-method> <!-- SearchPageTitleTest -->
        <test-method is-config="true" signature="closeBrowser()[pri:0, instance:com.adaptikPolicyAndBilling.qa.testCases.SearchPageTest@344426bf]" started-at="2022-02-15T00:34:02 IST" name="closeBrowser" finished-at="2022-02-15T00:34:02 IST" duration-ms="409" status="PASS">
          <reporter-output>
          </reporter-output>
        </test-method> <!-- closeBrowser -->
        <test-method signature="AccountSearch(java.lang.String)[pri:1, instance:com.adaptikPolicyAndBilling.qa.testCases.SearchPageTest@344426bf]" started-at="2022-02-15T00:34:02 IST" name="AccountSearch" description="verifying AccountSearch with AccountID test" data-provider="getTestData" finished-at="2022-02-15T00:34:02 IST" duration-ms="42" status="FAIL">
          <exception class="org.testng.internal.reflect.MethodMatcherException">
            <message>
              <![CDATA[
[public void com.adaptikPolicyAndBilling.qa.testCases.SearchPageTest.AccountSearch(java.lang.String)] has no parameters defined but was found to be using a data provider (either explicitly specified or inherited from class level annotation).
Data provider mismatch
Method: AccountSearch([Parameter{index=0, type=java.lang.String, declaredAnnotations=[]}])
Arguments: [(java.lang.String) 496300001,(java.lang.String) WO]]]>
            </message>
            <full-stacktrace>
              <![CDATA[org.testng.internal.reflect.MethodMatcherException: 
[public void com.adaptikPolicyAndBilling.qa.testCases.SearchPageTest.AccountSearch(java.lang.String)] has no parameters defined but was found to be using a data provider (either explicitly specified or inherited from class level annotation).
Data provider mismatch
Method: AccountSearch([Parameter{index=0, type=java.lang.String, declaredAnnotations=[]}])
Arguments: [(java.lang.String) 496300001,(java.lang.String) WO]
at org.testng.internal.reflect.DataProviderMethodMatcher.getConformingArguments(DataProviderMethodMatcher.java:46)
at org.testng.internal.Parameters.injectParameters(Parameters.java:886)
at org.testng.internal.invokers.MethodRunner.runInSequence(MethodRunner.java:37)
at org.testng.internal.invokers.TestInvoker$MethodInvocationAgent.invoke(TestInvoker.java:945)
at org.testng.internal.invokers.TestInvoker.invokeTestMethods(TestInvoker.java:193)
at org.testng.internal.invokers.TestMethodWorker.invokeTestMethods(TestMethodWorker.java:146)
at org.testng.internal.invokers.TestMethodWorker.run(TestMethodWorker.java:128)
at java.base/java.util.ArrayList.forEach(ArrayList.java:1511)
at org.testng.TestRunner.privateRun(TestRunner.java:808)
at org.testng.TestRunner.run(TestRunner.java:603)
at org.testng.SuiteRunner.runTest(SuiteRunner.java:429)
at org.testng.SuiteRunner.runSequentially(SuiteRunner.java:423)
at org.testng.SuiteRunner.privateRun(SuiteRunner.java:383)
at org.testng.SuiteRunner.run(SuiteRunner.java:326)
at org.testng.SuiteRunnerWorker.runSuite(SuiteRunnerWorker.java:52)
at org.testng.SuiteRunnerWorker.run(SuiteRunnerWorker.java:95)
at org.testng.TestNG.runSuitesSequentially(TestNG.java:1249)
at org.testng.TestNG.runSuitesLocally(TestNG.java:1169)
at org.testng.TestNG.runSuites(TestNG.java:1092)
at org.testng.TestNG.run(TestNG.java:1060)
at org.apache.maven.surefire.testng.TestNGExecutor.run(TestNGExecutor.java:283)
at org.apache.maven.surefire.testng.TestNGXmlTestSuite.execute(TestNGXmlTestSuite.java:75)
at org.apache.maven.surefire.testng.TestNGProvider.invoke(TestNGProvider.java:120)
at org.apache.maven.surefire.booter.ForkedBooter.invokeProviderInSameClassLoader(ForkedBooter.java:384)
at org.apache.maven.surefire.booter.ForkedBooter.runSuitesInProcess(ForkedBooter.java:345)
at org.apache.maven.surefire.booter.ForkedBooter.execute(ForkedBooter.java:126)
at org.apache.maven.surefire.booter.ForkedBooter.main(ForkedBooter.java:418)
]]>
            </full-stacktrace>
          </exception> <!-- org.testng.internal.reflect.MethodMatcherException -->
          <reporter-output>
          </reporter-output>
        </test-method> <!-- AccountSearch -->
      </class> <!-- com.adaptikPolicyAndBilling.qa.testCases.SearchPageTest -->
      <class name="com.adaptikPolicyAndBilling.qa.testCases.RemittanceBatchPageTest">
        <test-method is-config="true" signature="setupTest()[pri:0, instance:com.adaptikPolicyAndBilling.qa.testCases.RemittanceBatchPageTest@1fde4f40]" started-at="2022-02-15T00:29:35 IST" name="setupTest" finished-at="2022-02-15T00:30:12 IST" duration-ms="37007" status="PASS">
          <reporter-output>
          </reporter-output>
        </test-method> <!-- setupTest -->
        <test-method signature="remittanceBatchDetailsTest(java.lang.String,java.lang.String,java.lang.String,java.lang.String,java.lang.String,java.lang.String,java.lang.String)[pri:1, instance:com.adaptikPolicyAndBilling.qa.testCases.RemittanceBatchPageTest@1fde4f40]" started-at="2022-02-15T00:30:12 IST" name="remittanceBatchDetailsTest" description="verifying Remittance Flow test" data-provider="getTestData" finished-at="2022-02-15T00:31:31 IST" duration-ms="78755" status="PASS">
          <params>
            <param index="0">
              <value>
                <![CDATA[BOFA]]>
              </value>
            </param>
            <param index="1">
              <value>
                <![CDATA[Q]]>
              </value>
            </param>
            <param index="2">
              <value>
                <![CDATA[10000]]>
              </value>
            </param>
            <param index="3">
              <value>
                <![CDATA[1]]>
              </value>
            </param>
            <param index="4">
              <value>
                <![CDATA[322332323221]]>
              </value>
            </param>
            <param index="5">
              <value>
                <![CDATA[A]]>
              </value>
            </param>
            <param index="6">
              <value>
                <![CDATA[496300001]]>
              </value>
            </param>
          </params>
          <reporter-output>
          </reporter-output>
        </test-method> <!-- remittanceBatchDetailsTest -->
        <test-method is-config="true" signature="closeBrowser()[pri:0, instance:com.adaptikPolicyAndBilling.qa.testCases.RemittanceBatchPageTest@1fde4f40]" started-at="2022-02-15T00:31:31 IST" name="closeBrowser" finished-at="2022-02-15T00:31:31 IST" duration-ms="540" status="PASS">
          <reporter-output>
          </reporter-output>
        </test-method> <!-- closeBrowser -->
        <test-method is-config="true" signature="setupTest()[pri:0, instance:com.adaptikPolicyAndBilling.qa.testCases.RemittanceBatchPageTest@1fde4f40]" started-at="2022-02-15T00:31:31 IST" name="setupTest" finished-at="2022-02-15T00:32:07 IST" duration-ms="35960" status="PASS">
          <reporter-output>
          </reporter-output>
        </test-method> <!-- setupTest -->
        <test-method signature="remittanceBatchDetailsTest(java.lang.String,java.lang.String,java.lang.String,java.lang.String,java.lang.String,java.lang.String,java.lang.String)[pri:1, instance:com.adaptikPolicyAndBilling.qa.testCases.RemittanceBatchPageTest@1fde4f40]" started-at="2022-02-15T00:32:07 IST" name="remittanceBatchDetailsTest" description="verifying Remittance Flow test" data-provider="getTestData" finished-at="2022-02-15T00:33:26 IST" duration-ms="79046" status="PASS">
          <params>
            <param index="0">
              <value>
                <![CDATA[BOFA]]>
              </value>
            </param>
            <param index="1">
              <value>
                <![CDATA[Q]]>
              </value>
            </param>
            <param index="2">
              <value>
                <![CDATA[10000]]>
              </value>
            </param>
            <param index="3">
              <value>
                <![CDATA[1]]>
              </value>
            </param>
            <param index="4">
              <value>
                <![CDATA[322332323221]]>
              </value>
            </param>
            <param index="5">
              <value>
                <![CDATA[A]]>
              </value>
            </param>
            <param index="6">
              <value>
                <![CDATA[596300001]]>
              </value>
            </param>
          </params>
          <reporter-output>
          </reporter-output>
        </test-method> <!-- remittanceBatchDetailsTest -->
        <test-method is-config="true" signature="closeBrowser()[pri:0, instance:com.adaptikPolicyAndBilling.qa.testCases.RemittanceBatchPageTest@1fde4f40]" started-at="2022-02-15T00:33:26 IST" name="closeBrowser" finished-at="2022-02-15T00:33:27 IST" duration-ms="461" status="PASS">
          <reporter-output>
          </reporter-output>
        </test-method> <!-- closeBrowser -->
      </class> <!-- com.adaptikPolicyAndBilling.qa.testCases.RemittanceBatchPageTest -->
      <class name="com.adaptikPolicyAndBilling.qa.testCases.LoginPageTest">
        <test-method is-config="true" signature="setupTest()[pri:0, instance:com.adaptikPolicyAndBilling.qa.testCases.LoginPageTest@36dfbdaf]" started-at="2022-02-15T00:28:32 IST" name="setupTest" finished-at="2022-02-15T00:28:47 IST" duration-ms="14312" status="PASS">
          <reporter-output>
          </reporter-output>
        </test-method> <!-- setupTest -->
        <test-method signature="loginPageTitleTest()[pri:1, instance:com.adaptikPolicyAndBilling.qa.testCases.LoginPageTest@36dfbdaf]" started-at="2022-02-15T00:28:47 IST" name="loginPageTitleTest" description="verifying login page title test" finished-at="2022-02-15T00:28:47 IST" duration-ms="115" status="PASS">
          <reporter-output>
          </reporter-output>
        </test-method> <!-- loginPageTitleTest -->
        <test-method is-config="true" signature="tearDownTest()[pri:0, instance:com.adaptikPolicyAndBilling.qa.testCases.LoginPageTest@36dfbdaf]" started-at="2022-02-15T00:28:47 IST" name="tearDownTest" finished-at="2022-02-15T00:28:47 IST" duration-ms="336" status="PASS">
          <reporter-output>
          </reporter-output>
        </test-method> <!-- tearDownTest -->
        <test-method is-config="true" signature="setupTest()[pri:0, instance:com.adaptikPolicyAndBilling.qa.testCases.LoginPageTest@36dfbdaf]" started-at="2022-02-15T00:28:47 IST" name="setupTest" finished-at="2022-02-15T00:29:00 IST" duration-ms="12189" status="PASS">
          <reporter-output>
          </reporter-output>
        </test-method> <!-- setupTest -->
        <test-method signature="loginTest()[pri:2, instance:com.adaptikPolicyAndBilling.qa.testCases.LoginPageTest@36dfbdaf]" started-at="2022-02-15T00:29:00 IST" name="loginTest" description="verifying login to Application test" finished-at="2022-02-15T00:29:33 IST" duration-ms="33125" status="PASS">
          <reporter-output>
          </reporter-output>
        </test-method> <!-- loginTest -->
        <test-method is-config="true" signature="tearDownTest()[pri:0, instance:com.adaptikPolicyAndBilling.qa.testCases.LoginPageTest@36dfbdaf]" started-at="2022-02-15T00:29:33 IST" name="tearDownTest" finished-at="2022-02-15T00:29:33 IST" duration-ms="460" status="PASS">
          <reporter-output>
          </reporter-output>
        </test-method> <!-- tearDownTest -->
      </class> <!-- com.adaptikPolicyAndBilling.qa.testCases.LoginPageTest -->
      <class name="com.adaptikPolicyAndBilling.qa.testCases.AccountDashBoardTest">
        <test-method is-config="true" signature="setupTest()[pri:0, instance:com.adaptikPolicyAndBilling.qa.testCases.AccountDashBoardTest@5411dd90]" started-at="2022-02-15T00:34:03 IST" name="setupTest" finished-at="2022-02-15T00:34:37 IST" duration-ms="34415" status="PASS">
          <reporter-output>
          </reporter-output>
        </test-method> <!-- setupTest -->
        <test-method signature="accountDashBoardPageTitleTest()[pri:1, instance:com.adaptikPolicyAndBilling.qa.testCases.AccountDashBoardTest@5411dd90]" started-at="2022-02-15T00:34:37 IST" name="accountDashBoardPageTitleTest" description="verifying AccountDashBoard Page Title" finished-at="2022-02-15T00:34:37 IST" duration-ms="33" status="PASS">
          <reporter-output>
          </reporter-output>
        </test-method> <!-- accountDashBoardPageTitleTest -->
        <test-method is-config="true" signature="closeBrowser()[pri:0, instance:com.adaptikPolicyAndBilling.qa.testCases.AccountDashBoardTest@5411dd90]" started-at="2022-02-15T00:34:37 IST" name="closeBrowser" finished-at="2022-02-15T00:34:37 IST" duration-ms="407" status="PASS">
          <reporter-output>
          </reporter-output>
        </test-method> <!-- closeBrowser -->
        <test-method is-config="true" signature="setupTest()[pri:0, instance:com.adaptikPolicyAndBilling.qa.testCases.AccountDashBoardTest@5411dd90]" started-at="2022-02-15T00:34:37 IST" name="setupTest" finished-at="2022-02-15T00:35:13 IST" duration-ms="35218" status="PASS">
          <reporter-output>
          </reporter-output>
        </test-method> <!-- setupTest -->
        <test-method signature="MakeAdjustmentTest(java.lang.String,java.lang.String)[pri:2, instance:com.adaptikPolicyAndBilling.qa.testCases.AccountDashBoardTest@5411dd90]" started-at="2022-02-15T00:35:13 IST" name="MakeAdjustmentTest" description="verifying MakeAdjustment Functionality" data-provider="getTestData" finished-at="2022-02-15T00:35:50 IST" duration-ms="37429" status="FAIL">
          <params>
            <param index="0">
              <value>
                <![CDATA[496300001]]>
              </value>
            </param>
            <param index="1">
              <value>
                <![CDATA[WO]]>
              </value>
            </param>
          </params>
          <exception class="org.openqa.selenium.NoSuchElementException">
            <message>
              <![CDATA[no such element: Unable to locate element: {"method":"xpath","selector":"//select[@id='U1_77_Q_30011_3_C_4_C']"}
  (Session info: chrome=98.0.4758.82)
For documentation on this error, please visit: https://selenium.dev/exceptions/#no_such_element
Build info: version: '4.1.2', revision: '9a5a329c5a'
System info: host: 'INLT1501', ip: '10.21.204.70', os.name: 'Windows 10', os.arch: 'amd64', os.version: '10.0', java.version: '17.0.1'
Driver info: org.openqa.selenium.chrome.ChromeDriver
Command: [afbd716186232db8f2389de8e126d006, findElement {using=xpath, value=//select[@id='U1_77_Q_30011_3_C_4_C']}]
Capabilities {acceptInsecureCerts: false, browserName: chrome, browserVersion: 98.0.4758.82, chrome: {chromedriverVersion: 98.0.4758.80 (7f0488e8ba0d8..., userDataDir: C:\Users\SHAIK~1.AHM\AppDat...}, goog:chromeOptions: {debuggerAddress: localhost:49657}, javascriptEnabled: true, networkConnectionEnabled: false, pageLoadStrategy: normal, platform: WINDOWS, platformName: WINDOWS, proxy: Proxy(), se:cdp: ws://localhost:49657/devtoo..., se:cdpVersion: 98.0.4758.82, setWindowRect: true, strictFileInteractability: false, timeouts: {implicit: 0, pageLoad: 300000, script: 30000}, unhandledPromptBehavior: dismiss and notify, webauthn:extension:credBlob: true, webauthn:extension:largeBlob: true, webauthn:virtualAuthenticators: true}
Session ID: afbd716186232db8f2389de8e126d006]]>
            </message>
            <full-stacktrace>
              <![CDATA[org.openqa.selenium.NoSuchElementException: no such element: Unable to locate element: {"method":"xpath","selector":"//select[@id='U1_77_Q_30011_3_C_4_C']"}
  (Session info: chrome=98.0.4758.82)
For documentation on this error, please visit: https://selenium.dev/exceptions/#no_such_element
Build info: version: '4.1.2', revision: '9a5a329c5a'
System info: host: 'INLT1501', ip: '10.21.204.70', os.name: 'Windows 10', os.arch: 'amd64', os.version: '10.0', java.version: '17.0.1'
Driver info: org.openqa.selenium.chrome.ChromeDriver
Command: [afbd716186232db8f2389de8e126d006, findElement {using=xpath, value=//select[@id='U1_77_Q_30011_3_C_4_C']}]
Capabilities {acceptInsecureCerts: false, browserName: chrome, browserVersion: 98.0.4758.82, chrome: {chromedriverVersion: 98.0.4758.80 (7f0488e8ba0d8..., userDataDir: C:\Users\SHAIK~1.AHM\AppDat...}, goog:chromeOptions: {debuggerAddress: localhost:49657}, javascriptEnabled: true, networkConnectionEnabled: false, pageLoadStrategy: normal, platform: WINDOWS, platformName: WINDOWS, proxy: Proxy(), se:cdp: ws://localhost:49657/devtoo..., se:cdpVersion: 98.0.4758.82, setWindowRect: true, strictFileInteractability: false, timeouts: {implicit: 0, pageLoad: 300000, script: 30000}, unhandledPromptBehavior: dismiss and notify, webauthn:extension:credBlob: true, webauthn:extension:largeBlob: true, webauthn:virtualAuthenticators: true}
Session ID: afbd716186232db8f2389de8e126d006
at java.base/jdk.internal.reflect.NativeConstructorAccessorImpl.newInstance0(Native Method)
at java.base/jdk.internal.reflect.NativeConstructorAccessorImpl.newInstance(NativeConstructorAccessorImpl.java:77)
at java.base/jdk.internal.reflect.DelegatingConstructorAccessorImpl.newInstance(DelegatingConstructorAccessorImpl.java:45)
at java.base/java.lang.reflect.Constructor.newInstanceWithCaller(Constructor.java:499)
at java.base/java.lang.reflect.Constructor.newInstance(Constructor.java:480)
at org.openqa.selenium.remote.codec.w3c.W3CHttpResponseCodec.createException(W3CHttpResponseCodec.java:200)
at org.openqa.selenium.remote.codec.w3c.W3CHttpResponseCodec.decode(W3CHttpResponseCodec.java:133)
at org.openqa.selenium.remote.codec.w3c.W3CHttpResponseCodec.decode(W3CHttpResponseCodec.java:53)
at org.openqa.selenium.remote.HttpCommandExecutor.execute(HttpCommandExecutor.java:184)
at org.openqa.selenium.remote.service.DriverCommandExecutor.invokeExecute(DriverCommandExecutor.java:167)
at org.openqa.selenium.remote.service.DriverCommandExecutor.execute(DriverCommandExecutor.java:142)
at org.openqa.selenium.remote.RemoteWebDriver.execute(RemoteWebDriver.java:558)
at org.openqa.selenium.remote.ElementLocation$ElementFinder$2.findElement(ElementLocation.java:162)
at org.openqa.selenium.remote.ElementLocation.findElement(ElementLocation.java:60)
at org.openqa.selenium.remote.RemoteWebDriver.findElement(RemoteWebDriver.java:382)
at org.openqa.selenium.remote.RemoteWebDriver.findElement(RemoteWebDriver.java:374)
at org.openqa.selenium.support.pagefactory.DefaultElementLocator.findElement(DefaultElementLocator.java:70)
at org.openqa.selenium.support.pagefactory.internal.LocatingElementHandler.invoke(LocatingElementHandler.java:39)
at jdk.proxy2/jdk.proxy2.$Proxy19.getTagName(Unknown Source)
at org.openqa.selenium.support.ui.Select.<init>(Select.java:46)
at com.adaptikPolicyAndBilling.qa.pages.AdjustmentDetailsPage.clickOnPostAdjustmentButton(AdjustmentDetailsPage.java:30)
at com.adaptikPolicyAndBilling.qa.testCases.AccountDashBoardTest.MakeAdjustmentTest(AccountDashBoardTest.java:75)
at java.base/jdk.internal.reflect.NativeMethodAccessorImpl.invoke0(Native Method)
at java.base/jdk.internal.reflect.NativeMethodAccessorImpl.invoke(NativeMethodAccessorImpl.java:77)
at java.base/jdk.internal.reflect.DelegatingMethodAccessorImpl.invoke(DelegatingMethodAccessorImpl.java:43)
at java.base/java.lang.reflect.Method.invoke(Method.java:568)
at org.testng.internal.invokers.MethodInvocationHelper.invokeMethod(MethodInvocationHelper.java:135)
at org.testng.internal.invokers.TestInvoker.invokeMethod(TestInvoker.java:673)
at org.testng.internal.invokers.TestInvoker.invokeTestMethod(TestInvoker.java:220)
at org.testng.internal.invokers.MethodRunner.runInSequence(MethodRunner.java:50)
at org.testng.internal.invokers.TestInvoker$MethodInvocationAgent.invoke(TestInvoker.java:945)
at org.testng.internal.invokers.TestInvoker.invokeTestMethods(TestInvoker.java:193)
at org.testng.internal.invokers.TestMethodWorker.invokeTestMethods(TestMethodWorker.java:146)
at org.testng.internal.invokers.TestMethodWorker.run(TestMethodWorker.java:128)
at java.base/java.util.ArrayList.forEach(ArrayList.java:1511)
at org.testng.TestRunner.privateRun(TestRunner.java:808)
at org.testng.TestRunner.run(TestRunner.java:603)
at org.testng.SuiteRunner.runTest(SuiteRunner.java:429)
at org.testng.SuiteRunner.runSequentially(SuiteRunner.java:423)
at org.testng.SuiteRunner.privateRun(SuiteRunner.java:383)
at org.testng.SuiteRunner.run(SuiteRunner.java:326)
at org.testng.SuiteRunnerWorker.runSuite(SuiteRunnerWorker.java:52)
at org.testng.SuiteRunnerWorker.run(SuiteRunnerWorker.java:95)
at org.testng.TestNG.runSuitesSequentially(TestNG.java:1249)
at org.testng.TestNG.runSuitesLocally(TestNG.java:1169)
at org.testng.TestNG.runSuites(TestNG.java:1092)
at org.testng.TestNG.run(TestNG.java:1060)
at org.apache.maven.surefire.testng.TestNGExecutor.run(TestNGExecutor.java:283)
at org.apache.maven.surefire.testng.TestNGXmlTestSuite.execute(TestNGXmlTestSuite.java:75)
at org.apache.maven.surefire.testng.TestNGProvider.invoke(TestNGProvider.java:120)
at org.apache.maven.surefire.booter.ForkedBooter.invokeProviderInSameClassLoader(ForkedBooter.java:384)
at org.apache.maven.surefire.booter.ForkedBooter.runSuitesInProcess(ForkedBooter.java:345)
at org.apache.maven.surefire.booter.ForkedBooter.execute(ForkedBooter.java:126)
at org.apache.maven.surefire.booter.ForkedBooter.main(ForkedBooter.java:418)
]]>
            </full-stacktrace>
          </exception> <!-- org.openqa.selenium.NoSuchElementException -->
          <reporter-output>
          </reporter-output>
        </test-method> <!-- MakeAdjustmentTest -->
        <test-method is-config="true" signature="closeBrowser()[pri:0, instance:com.adaptikPolicyAndBilling.qa.testCases.AccountDashBoardTest@5411dd90]" started-at="2022-02-15T00:35:50 IST" name="closeBrowser" finished-at="2022-02-15T00:35:51 IST" duration-ms="512" status="PASS">
          <reporter-output>
          </reporter-output>
        </test-method> <!-- closeBrowser -->
        <test-method is-config="true" signature="setupTest()[pri:0, instance:com.adaptikPolicyAndBilling.qa.testCases.AccountDashBoardTest@5411dd90]" started-at="2022-02-15T00:35:51 IST" name="setupTest" finished-at="2022-02-15T00:36:25 IST" duration-ms="34179" status="PASS">
          <reporter-output>
          </reporter-output>
        </test-method> <!-- setupTest -->
        <test-method signature="MakeAdjustmentTest(java.lang.String,java.lang.String)[pri:2, instance:com.adaptikPolicyAndBilling.qa.testCases.AccountDashBoardTest@5411dd90]" started-at="2022-02-15T00:36:25 IST" name="MakeAdjustmentTest" description="verifying MakeAdjustment Functionality" data-provider="getTestData" finished-at="2022-02-15T00:37:02 IST" duration-ms="37090" status="FAIL">
          <params>
            <param index="0">
              <value>
                <![CDATA[596300001]]>
              </value>
            </param>
            <param index="1">
              <value>
                <![CDATA[WO]]>
              </value>
            </param>
          </params>
          <exception class="org.openqa.selenium.NoSuchElementException">
            <message>
              <![CDATA[no such element: Unable to locate element: {"method":"xpath","selector":"//select[@id='U1_77_Q_30011_3_C_4_C']"}
  (Session info: chrome=98.0.4758.82)
For documentation on this error, please visit: https://selenium.dev/exceptions/#no_such_element
Build info: version: '4.1.2', revision: '9a5a329c5a'
System info: host: 'INLT1501', ip: '10.21.204.70', os.name: 'Windows 10', os.arch: 'amd64', os.version: '10.0', java.version: '17.0.1'
Driver info: org.openqa.selenium.chrome.ChromeDriver
Command: [811a2b27dfbc6b4221b4c6ae262d3feb, findElement {using=xpath, value=//select[@id='U1_77_Q_30011_3_C_4_C']}]
Capabilities {acceptInsecureCerts: false, browserName: chrome, browserVersion: 98.0.4758.82, chrome: {chromedriverVersion: 98.0.4758.80 (7f0488e8ba0d8..., userDataDir: C:\Users\SHAIK~1.AHM\AppDat...}, goog:chromeOptions: {debuggerAddress: localhost:49860}, javascriptEnabled: true, networkConnectionEnabled: false, pageLoadStrategy: normal, platform: WINDOWS, platformName: WINDOWS, proxy: Proxy(), se:cdp: ws://localhost:49860/devtoo..., se:cdpVersion: 98.0.4758.82, setWindowRect: true, strictFileInteractability: false, timeouts: {implicit: 0, pageLoad: 300000, script: 30000}, unhandledPromptBehavior: dismiss and notify, webauthn:extension:credBlob: true, webauthn:extension:largeBlob: true, webauthn:virtualAuthenticators: true}
Session ID: 811a2b27dfbc6b4221b4c6ae262d3feb]]>
            </message>
            <full-stacktrace>
              <![CDATA[org.openqa.selenium.NoSuchElementException: no such element: Unable to locate element: {"method":"xpath","selector":"//select[@id='U1_77_Q_30011_3_C_4_C']"}
  (Session info: chrome=98.0.4758.82)
For documentation on this error, please visit: https://selenium.dev/exceptions/#no_such_element
Build info: version: '4.1.2', revision: '9a5a329c5a'
System info: host: 'INLT1501', ip: '10.21.204.70', os.name: 'Windows 10', os.arch: 'amd64', os.version: '10.0', java.version: '17.0.1'
Driver info: org.openqa.selenium.chrome.ChromeDriver
Command: [811a2b27dfbc6b4221b4c6ae262d3feb, findElement {using=xpath, value=//select[@id='U1_77_Q_30011_3_C_4_C']}]
Capabilities {acceptInsecureCerts: false, browserName: chrome, browserVersion: 98.0.4758.82, chrome: {chromedriverVersion: 98.0.4758.80 (7f0488e8ba0d8..., userDataDir: C:\Users\SHAIK~1.AHM\AppDat...}, goog:chromeOptions: {debuggerAddress: localhost:49860}, javascriptEnabled: true, networkConnectionEnabled: false, pageLoadStrategy: normal, platform: WINDOWS, platformName: WINDOWS, proxy: Proxy(), se:cdp: ws://localhost:49860/devtoo..., se:cdpVersion: 98.0.4758.82, setWindowRect: true, strictFileInteractability: false, timeouts: {implicit: 0, pageLoad: 300000, script: 30000}, unhandledPromptBehavior: dismiss and notify, webauthn:extension:credBlob: true, webauthn:extension:largeBlob: true, webauthn:virtualAuthenticators: true}
Session ID: 811a2b27dfbc6b4221b4c6ae262d3feb
at java.base/jdk.internal.reflect.NativeConstructorAccessorImpl.newInstance0(Native Method)
at java.base/jdk.internal.reflect.NativeConstructorAccessorImpl.newInstance(NativeConstructorAccessorImpl.java:77)
at java.base/jdk.internal.reflect.DelegatingConstructorAccessorImpl.newInstance(DelegatingConstructorAccessorImpl.java:45)
at java.base/java.lang.reflect.Constructor.newInstanceWithCaller(Constructor.java:499)
at java.base/java.lang.reflect.Constructor.newInstance(Constructor.java:480)
at org.openqa.selenium.remote.codec.w3c.W3CHttpResponseCodec.createException(W3CHttpResponseCodec.java:200)
at org.openqa.selenium.remote.codec.w3c.W3CHttpResponseCodec.decode(W3CHttpResponseCodec.java:133)
at org.openqa.selenium.remote.codec.w3c.W3CHttpResponseCodec.decode(W3CHttpResponseCodec.java:53)
at org.openqa.selenium.remote.HttpCommandExecutor.execute(HttpCommandExecutor.java:184)
at org.openqa.selenium.remote.service.DriverCommandExecutor.invokeExecute(DriverCommandExecutor.java:167)
at org.openqa.selenium.remote.service.DriverCommandExecutor.execute(DriverCommandExecutor.java:142)
at org.openqa.selenium.remote.RemoteWebDriver.execute(RemoteWebDriver.java:558)
at org.openqa.selenium.remote.ElementLocation$ElementFinder$2.findElement(ElementLocation.java:162)
at org.openqa.selenium.remote.ElementLocation.findElement(ElementLocation.java:60)
at org.openqa.selenium.remote.RemoteWebDriver.findElement(RemoteWebDriver.java:382)
at org.openqa.selenium.remote.RemoteWebDriver.findElement(RemoteWebDriver.java:374)
at org.openqa.selenium.support.pagefactory.DefaultElementLocator.findElement(DefaultElementLocator.java:70)
at org.openqa.selenium.support.pagefactory.internal.LocatingElementHandler.invoke(LocatingElementHandler.java:39)
at jdk.proxy2/jdk.proxy2.$Proxy19.getTagName(Unknown Source)
at org.openqa.selenium.support.ui.Select.<init>(Select.java:46)
at com.adaptikPolicyAndBilling.qa.pages.AdjustmentDetailsPage.clickOnPostAdjustmentButton(AdjustmentDetailsPage.java:30)
at com.adaptikPolicyAndBilling.qa.testCases.AccountDashBoardTest.MakeAdjustmentTest(AccountDashBoardTest.java:75)
at java.base/jdk.internal.reflect.NativeMethodAccessorImpl.invoke0(Native Method)
at java.base/jdk.internal.reflect.NativeMethodAccessorImpl.invoke(NativeMethodAccessorImpl.java:77)
at java.base/jdk.internal.reflect.DelegatingMethodAccessorImpl.invoke(DelegatingMethodAccessorImpl.java:43)
at java.base/java.lang.reflect.Method.invoke(Method.java:568)
at org.testng.internal.invokers.MethodInvocationHelper.invokeMethod(MethodInvocationHelper.java:135)
at org.testng.internal.invokers.TestInvoker.invokeMethod(TestInvoker.java:673)
at org.testng.internal.invokers.TestInvoker.invokeTestMethod(TestInvoker.java:220)
at org.testng.internal.invokers.MethodRunner.runInSequence(MethodRunner.java:50)
at org.testng.internal.invokers.TestInvoker$MethodInvocationAgent.invoke(TestInvoker.java:945)
at org.testng.internal.invokers.TestInvoker.invokeTestMethods(TestInvoker.java:193)
at org.testng.internal.invokers.TestMethodWorker.invokeTestMethods(TestMethodWorker.java:146)
at org.testng.internal.invokers.TestMethodWorker.run(TestMethodWorker.java:128)
at java.base/java.util.ArrayList.forEach(ArrayList.java:1511)
at org.testng.TestRunner.privateRun(TestRunner.java:808)
at org.testng.TestRunner.run(TestRunner.java:603)
at org.testng.SuiteRunner.runTest(SuiteRunner.java:429)
at org.testng.SuiteRunner.runSequentially(SuiteRunner.java:423)
at org.testng.SuiteRunner.privateRun(SuiteRunner.java:383)
at org.testng.SuiteRunner.run(SuiteRunner.java:326)
at org.testng.SuiteRunnerWorker.runSuite(SuiteRunnerWorker.java:52)
at org.testng.SuiteRunnerWorker.run(SuiteRunnerWorker.java:95)
at org.testng.TestNG.runSuitesSequentially(TestNG.java:1249)
at org.testng.TestNG.runSuitesLocally(TestNG.java:1169)
at org.testng.TestNG.runSuites(TestNG.java:1092)
at org.testng.TestNG.run(TestNG.java:1060)
at org.apache.maven.surefire.testng.TestNGExecutor.run(TestNGExecutor.java:283)
at org.apache.maven.surefire.testng.TestNGXmlTestSuite.execute(TestNGXmlTestSuite.java:75)
at org.apache.maven.surefire.testng.TestNGProvider.invoke(TestNGProvider.java:120)
at org.apache.maven.surefire.booter.ForkedBooter.invokeProviderInSameClassLoader(ForkedBooter.java:384)
at org.apache.maven.surefire.booter.ForkedBooter.runSuitesInProcess(ForkedBooter.java:345)
at org.apache.maven.surefire.booter.ForkedBooter.execute(ForkedBooter.java:126)
at org.apache.maven.surefire.booter.ForkedBooter.main(ForkedBooter.java:418)
]]>
            </full-stacktrace>
          </exception> <!-- org.openqa.selenium.NoSuchElementException -->
          <reporter-output>
          </reporter-output>
        </test-method> <!-- MakeAdjustmentTest -->
        <test-method is-config="true" signature="closeBrowser()[pri:0, instance:com.adaptikPolicyAndBilling.qa.testCases.AccountDashBoardTest@5411dd90]" started-at="2022-02-15T00:37:02 IST" name="closeBrowser" finished-at="2022-02-15T00:37:02 IST" duration-ms="510" status="PASS">
          <reporter-output>
          </reporter-output>
        </test-method> <!-- closeBrowser -->
      </class> <!-- com.adaptikPolicyAndBilling.qa.testCases.AccountDashBoardTest -->
    </test> <!-- SmokeTest -->
  </suite> <!-- Sapiens Adaptik Policy and Billing Pro Apps SmokeTest Run Suite -->
</testng-results>
